2023-01-26 12:19:21.055  INFO 1356 --- [restartedMain] kr.co.sboard.SboardApplication           : Starting SboardApplication using Java 17.0.5 on DESKTOP-QOTDKI5 with PID 1356 (C:\Users\java1\Desktop\Workspace\SpringBoot\Sboard\target\classes started by java1 in C:\Users\java1\Desktop\Workspace\SpringBoot\Sboard)
2023-01-26 12:19:21.070  INFO 1356 --- [restartedMain] kr.co.sboard.SboardApplication           : No active profile set, falling back to 1 default profile: "default"
2023-01-26 12:19:21.127  INFO 1356 --- [restartedMain] .e.DevToolsPropertyDefaultsPostProcessor : Devtools property defaults active! Set 'spring.devtools.add-properties' to 'false' to disable
2023-01-26 12:19:21.128  INFO 1356 --- [restartedMain] .e.DevToolsPropertyDefaultsPostProcessor : For additional web related logging consider setting the 'logging.level.web' property to 'DEBUG'
2023-01-26 12:19:21.732  INFO 1356 --- [restartedMain] .s.d.r.c.RepositoryConfigurationDelegate : Bootstrapping Spring Data JPA repositories in DEFAULT mode.
2023-01-26 12:19:21.782  INFO 1356 --- [restartedMain] .s.d.r.c.RepositoryConfigurationDelegate : Finished Spring Data repository scanning in 39 ms. Found 1 JPA repository interfaces.
2023-01-26 12:19:22.351  INFO 1356 --- [restartedMain] o.s.b.w.embedded.tomcat.TomcatWebServer  : Tomcat initialized with port(s): 8080 (http)
2023-01-26 12:19:22.363  INFO 1356 --- [restartedMain] o.apache.catalina.core.StandardService   : Starting service [Tomcat]
2023-01-26 12:19:22.363  INFO 1356 --- [restartedMain] org.apache.catalina.core.StandardEngine  : Starting Servlet engine: [Apache Tomcat/9.0.70]
2023-01-26 12:19:22.450  INFO 1356 --- [restartedMain] o.a.c.c.C.[.[localhost].[/Sboard]        : Initializing Spring embedded WebApplicationContext
2023-01-26 12:19:22.451  INFO 1356 --- [restartedMain] w.s.c.ServletWebServerApplicationContext : Root WebApplicationContext: initialization completed in 1322 ms
2023-01-26 12:19:22.519  WARN 1356 --- [restartedMain] o.a.c.c.C.[.[localhost].[/Sboard]        : Cannot deserialize session attribute [SPRING_SECURITY_CONTEXT] for session [A402A803F4DCAFF936465DABA00904D8]
2023-01-26 12:19:22.655  INFO 1356 --- [restartedMain] o.hibernate.jpa.internal.util.LogHelper  : HHH000204: Processing PersistenceUnitInfo [name: default]
2023-01-26 12:19:22.700  INFO 1356 --- [restartedMain] org.hibernate.Version                    : HHH000412: Hibernate ORM core version 5.6.14.Final
2023-01-26 12:19:22.842  INFO 1356 --- [restartedMain] o.hibernate.annotations.common.Version   : HCANN000001: Hibernate Commons Annotations {5.1.2.Final}
2023-01-26 12:19:22.932  INFO 1356 --- [restartedMain] com.zaxxer.hikari.HikariDataSource       : HikariPool-1 - Starting...
2023-01-26 12:19:23.195  INFO 1356 --- [restartedMain] com.zaxxer.hikari.HikariDataSource       : HikariPool-1 - Start completed.
2023-01-26 12:19:23.210  INFO 1356 --- [restartedMain] org.hibernate.dialect.Dialect            : HHH000400: Using dialect: org.hibernate.dialect.MySQL5InnoDBDialect
2023-01-26 12:19:23.752  INFO 1356 --- [restartedMain] o.h.e.t.j.p.i.JtaPlatformInitiator       : HHH000490: Using JtaPlatform implementation: [org.hibernate.engine.transaction.jta.platform.internal.NoJtaPlatform]
2023-01-26 12:19:23.761  INFO 1356 --- [restartedMain] j.LocalContainerEntityManagerFactoryBean : Initialized JPA EntityManagerFactory for persistence unit 'default'
2023-01-26 12:19:23.991  WARN 1356 --- [restartedMain] JpaBaseConfiguration$JpaWebConfiguration : spring.jpa.open-in-view is enabled by default. Therefore, database queries may be performed during view rendering. Explicitly configure spring.jpa.open-in-view to disable this warning
2023-01-26 12:19:24.367  INFO 1356 --- [restartedMain] o.s.s.web.DefaultSecurityFilterChain     : Will secure any request with [org.springframework.security.web.session.DisableEncodeUrlFilter@7475a01f, org.springframework.security.web.context.request.async.WebAsyncManagerIntegrationFilter@1de17a83, org.springframework.security.web.context.SecurityContextPersistenceFilter@4e34283, org.springframework.security.web.header.HeaderWriterFilter@3d7e3585, org.springframework.security.web.authentication.logout.LogoutFilter@518241eb, org.springframework.security.web.authentication.UsernamePasswordAuthenticationFilter@5bf90a91, org.springframework.security.web.savedrequest.RequestCacheAwareFilter@4480079e, org.springframework.security.web.servletapi.SecurityContextHolderAwareRequestFilter@6d353e1e, org.springframework.security.web.authentication.AnonymousAuthenticationFilter@1cb8e418, org.springframework.security.web.session.SessionManagementFilter@46f5dccc, org.springframework.security.web.access.ExceptionTranslationFilter@2fe0e826, org.springframework.security.web.access.intercept.FilterSecurityInterceptor@5b720389]
2023-01-26 12:19:24.672  WARN 1356 --- [restartedMain] o.s.b.d.a.OptionalLiveReloadServer       : Unable to start LiveReload server
2023-01-26 12:19:24.711  INFO 1356 --- [restartedMain] o.s.b.w.embedded.tomcat.TomcatWebServer  : Tomcat started on port(s): 8080 (http) with context path '/Sboard'
2023-01-26 12:19:24.725  INFO 1356 --- [restartedMain] kr.co.sboard.SboardApplication           : Started SboardApplication in 3.989 seconds (JVM running for 4.666)
2023-01-26 12:19:33.304  INFO 1356 --- [http-nio-8080-exec-2] o.a.c.c.C.[.[localhost].[/Sboard]        : Initializing Spring DispatcherServlet 'dispatcherServlet'
2023-01-26 12:19:33.305  INFO 1356 --- [http-nio-8080-exec-2] o.s.web.servlet.DispatcherServlet        : Initializing Servlet 'dispatcherServlet'
2023-01-26 12:19:33.306  INFO 1356 --- [http-nio-8080-exec-2] o.s.web.servlet.DispatcherServlet        : Completed initialization in 1 ms
2023-01-26 13:39:58.488  INFO 1356 --- [RMI TCP Connection(84)-127.0.0.1] inMXBeanRegistrar$SpringApplicationAdmin : Application shutdown requested.
2023-01-26 13:39:58.502  INFO 1356 --- [RMI TCP Connection(84)-127.0.0.1] o.apache.catalina.core.StandardService   : Stopping service [Tomcat]
2023-01-26 13:39:58.503  INFO 1356 --- [RMI TCP Connection(84)-127.0.0.1] o.a.c.c.C.[.[localhost].[/Sboard]        : Destroying Spring FrameworkServlet 'dispatcherServlet'
2023-01-26 13:39:58.522  INFO 1356 --- [RMI TCP Connection(84)-127.0.0.1] j.LocalContainerEntityManagerFactoryBean : Closing JPA EntityManagerFactory for persistence unit 'default'
2023-01-26 13:39:58.527  INFO 1356 --- [RMI TCP Connection(84)-127.0.0.1] com.zaxxer.hikari.HikariDataSource       : HikariPool-1 - Shutdown initiated...
2023-01-26 13:39:58.540  INFO 1356 --- [RMI TCP Connection(84)-127.0.0.1] com.zaxxer.hikari.HikariDataSource       : HikariPool-1 - Shutdown completed.
